<?xml version="1.0" encoding="UTF-8"?>
<testng-results ignored="0" total="2" passed="2" failed="0" skipped="0">
  <reporter-output>
  </reporter-output>
  <suite started-at="2023-09-22T10:28:11Z" name="Default suite" finished-at="2023-09-22T10:28:39Z" duration-ms="28545">
    <groups>
    </groups>
    <test started-at="2023-09-22T10:28:11Z" name="Default test" finished-at="2023-09-22T10:28:39Z" duration-ms="28545">
      <class name="com.qa.opencart.Tests.AccountpageTest">
        <test-method is-config="true" signature="SetUp()[pri:0, instance:com.qa.opencart.Tests.AccountpageTest@75fc1992]" started-at="2023-09-22T10:28:11Z" name="SetUp" finished-at="2023-09-22T10:28:34Z" duration-ms="23356" status="PASS">
          <reporter-output>
          </reporter-output>
        </test-method> <!-- SetUp -->
        <test-method is-config="true" signature="AccountPageSetUp()[pri:0, instance:com.qa.opencart.Tests.AccountpageTest@75fc1992]" started-at="2023-09-22T10:28:34Z" name="AccountPageSetUp" finished-at="2023-09-22T10:28:39Z" duration-ms="4443" status="PASS">
          <reporter-output>
          </reporter-output>
        </test-method> <!-- AccountPageSetUp -->
        <test-method signature="AccountHeaders()[pri:0, instance:com.qa.opencart.Tests.AccountpageTest@75fc1992]" started-at="2023-09-22T10:28:39Z" name="AccountHeaders" finished-at="2023-09-22T10:28:39Z" duration-ms="367" status="PASS">
          <reporter-output>
          </reporter-output>
        </test-method> <!-- AccountHeaders -->
        <test-method signature="VerifyAccountpageTitle()[pri:0, instance:com.qa.opencart.Tests.AccountpageTest@75fc1992]" started-at="2023-09-22T10:28:39Z" name="VerifyAccountpageTitle" finished-at="2023-09-22T10:28:39Z" duration-ms="51" status="PASS">
          <reporter-output>
          </reporter-output>
        </test-method> <!-- VerifyAccountpageTitle -->
        <test-method is-config="true" signature="tearDown()[pri:0, instance:com.qa.opencart.Tests.AccountpageTest@75fc1992]" started-at="2023-09-22T10:28:39Z" name="tearDown" finished-at="2023-09-22T10:28:39Z" duration-ms="0" status="PASS">
          <reporter-output>
          </reporter-output>
        </test-method> <!-- tearDown -->
      </class> <!-- com.qa.opencart.Tests.AccountpageTest -->
    </test> <!-- Default test -->
  </suite> <!-- Default suite -->
</testng-results>
